<?xml version="1.0" encoding="UTF-8"?>
<!-- Generated by org.testng.reporters.JUnitXMLReporter -->
<testsuite ignored="0" hostname="DESKTOP-IPN68NT" failures="1" tests="3" name="Test" time="8.783" errors="0" timestamp="2023-07-21T15:31:01 IST">
  <testcase classname="demomavenjenkin.FirstSampleTest" name="testcase1" time="0.04"/>
  <testcase classname="demomavenjenkin.FirstSampleTest" name="testcase2" time="0.008"/>
  <testcase classname="demomavenjenkin.FirstSampleTest" name="testcase3" time="0.029">
    <failure type="java.lang.AssertionError" message="expected [Al Ramz Corporation PJSC - WE LIVE BY OUR WORD] but found [Home | Al Ramz - Al Ramz Corporation PJSC - WE LIVE BY OUR WORD]">
      <![CDATA[java.lang.AssertionError: expected [Al Ramz Corporation PJSC - WE LIVE BY OUR WORD] but found [Home | Al Ramz - Al Ramz Corporation PJSC - WE LIVE BY OUR WORD]
at demomavenjenkin.FirstSampleTest.testcase3(FirstSampleTest.java:67)
at java.base/java.util.ArrayList.forEach(ArrayList.java:1511)
... Removed 33 stack frames]]>
    </failure>
  </testcase> <!-- testcase3 -->
</testsuite> <!-- Test -->
