<?xml version="1.0" encoding="UTF-8"?>
<testng-results total="3" passed="3" failed="0" skipped="0">
  <reporter-output>
  </reporter-output>
  <suite started-at="2023-07-21T10:56:02Z" name="Suite" finished-at="2023-07-21T10:56:17Z" duration-ms="14695">
    <groups>
    </groups>
    <test started-at="2023-07-21T10:56:02Z" name="Test" finished-at="2023-07-21T10:56:17Z" duration-ms="14695">
      <class name="demomavenjenkin.FirstSampleTest">
        <test-method is-config="true" signature="setup()[pri:0, instance:demomavenjenkin.FirstSampleTest@3eb77ea8]" started-at="2023-07-21T16:26:02Z" name="setup" finished-at="2023-07-21T16:26:17Z" duration-ms="14551" status="PASS">
          <reporter-output>
          </reporter-output>
        </test-method> <!-- setup -->
        <test-method signature="testcase1()[pri:0, instance:demomavenjenkin.FirstSampleTest@3eb77ea8]" started-at="2023-07-21T16:26:17Z" name="testcase1" finished-at="2023-07-21T16:26:17Z" duration-ms="16" status="PASS">
          <reporter-output>
          </reporter-output>
        </test-method> <!-- testcase1 -->
        <test-method signature="testcase2()[pri:0, instance:demomavenjenkin.FirstSampleTest@3eb77ea8]" started-at="2023-07-21T16:26:17Z" name="testcase2" finished-at="2023-07-21T16:26:17Z" duration-ms="11" status="PASS">
          <reporter-output>
          </reporter-output>
        </test-method> <!-- testcase2 -->
        <test-method signature="testcase3()[pri:0, instance:demomavenjenkin.FirstSampleTest@3eb77ea8]" started-at="2023-07-21T16:26:17Z" name="testcase3" finished-at="2023-07-21T16:26:17Z" duration-ms="8" status="PASS">
          <reporter-output>
          </reporter-output>
        </test-method> <!-- testcase3 -->
        <test-method is-config="true" signature="CloseBrowser()[pri:0, instance:demomavenjenkin.FirstSampleTest@3eb77ea8]" started-at="2023-07-21T16:26:17Z" name="CloseBrowser" finished-at="2023-07-21T16:26:17Z" duration-ms="93" status="PASS">
          <reporter-output>
          </reporter-output>
        </test-method> <!-- CloseBrowser -->
      </class> <!-- demomavenjenkin.FirstSampleTest -->
    </test> <!-- Test -->
  </suite> <!-- Suite -->
</testng-results>
